producer_class	xtools.gsea.GseaPreranked
producer_timestamp	1738951264113
param	rpt_label	4
param	rnd_seed	42
param	set_min	15
param	zip_report	false
param	create_svgs	true
param	scoring_scheme	weighted
param	rnk	/Volumes/joe/Repositories/fezf2-thymus/analysis/Lung_epi_GSEA/4_z_scores.rnk
param	norm	meandiv
param	out	/Users/joegermino/gsea_home/output/feb07
param	mode	Abs_max_of_probes
param	include_only_symbols	true
param	help	false
param	set_max	500
param	gmx	ftp.broadinstitute.org://pub/gsea/msigdb/mouse/gene_sets/mh.all.v2024.1.Mm.symbols.gmt
param	make_sets	true
param	plot_top_x	20
param	gui	false
param	nperm	1000
param	collapse	No_Collapse

file	/Users/joegermino/gsea_home/output/feb07/4.GseaPreranked.1738951264113/index.html
