Fezf2 KO 1
[2025-01-31 23:50:23,631]    INFO [count_lamanno] Using index /mnt/iacchus/joe/reference_genomes/kallisto/mus_musculus_velocity/index.idx to generate BUS file to Fezf2_KO_1 from
[2025-01-31 23:50:23,633]    INFO [count_lamanno]         /mnt/iacchus/joe/raw_data/Thymus/Fezf2_KO/fastqs/andersonm-Fezf_KO/Fezf_MT_S1_L001_R1_001.fastq.gz
[2025-01-31 23:50:23,633]    INFO [count_lamanno]         /mnt/iacchus/joe/raw_data/Thymus/Fezf2_KO/fastqs/andersonm-Fezf_KO/Fezf_MT_S1_L001_R2_001.fastq.gz
[2025-01-31 23:50:23,634]    INFO [count_lamanno]         /mnt/iacchus/joe/raw_data/Thymus/Fezf2_KO/fastqs/andersonm-Fezf_KO/Fezf_MT_S1_L002_R1_001.fastq.gz
[2025-01-31 23:50:23,635]    INFO [count_lamanno]         /mnt/iacchus/joe/raw_data/Thymus/Fezf2_KO/fastqs/andersonm-Fezf_KO/Fezf_MT_S1_L002_R2_001.fastq.gz
[2025-01-31 23:50:23,635]    INFO [count_lamanno]         /mnt/iacchus/joe/raw_data/Thymus/Fezf2_KO/fastqs/andersonm-Fezf_KO/Fezf_MT_S1_L003_R1_001.fastq.gz
[2025-01-31 23:50:23,635]    INFO [count_lamanno]         /mnt/iacchus/joe/raw_data/Thymus/Fezf2_KO/fastqs/andersonm-Fezf_KO/Fezf_MT_S1_L003_R2_001.fastq.gz
[2025-01-31 23:50:23,635]    INFO [count_lamanno]         /mnt/iacchus/joe/raw_data/Thymus/Fezf2_KO/fastqs/andersonm-Fezf_KO/Fezf_MT_S1_L004_R1_001.fastq.gz
[2025-01-31 23:50:23,635]    INFO [count_lamanno]         /mnt/iacchus/joe/raw_data/Thymus/Fezf2_KO/fastqs/andersonm-Fezf_KO/Fezf_MT_S1_L004_R2_001.fastq.gz
[2025-02-01 00:31:58,201]    INFO [count_lamanno] Sorting BUS file Fezf2_KO_1/output.bus to Fezf2_KO_1/tmp/output.s.bus
[2025-02-01 00:32:32,891]    INFO [count_lamanno] On-list not provided
[2025-02-01 00:32:33,222]    INFO [count_lamanno] Copying pre-packaged 10XV3 on-list to Fezf2_KO_1
[2025-02-01 00:32:33,724]    INFO [count_lamanno] Inspecting BUS file Fezf2_KO_1/tmp/output.s.bus
[2025-02-01 00:32:53,173]    INFO [count_lamanno] Correcting BUS records in Fezf2_KO_1/tmp/output.s.bus to Fezf2_KO_1/tmp/output.s.c.bus with on-list Fezf2_KO_1/10x_version3_whitelist.txt
[2025-02-01 00:33:13,029]    INFO [count_lamanno] Sorting BUS file Fezf2_KO_1/tmp/output.s.c.bus to Fezf2_KO_1/output.unfiltered.bus
[2025-02-01 00:33:43,525]    INFO [count_lamanno] Capturing records from BUS file Fezf2_KO_1/output.unfiltered.bus to Fezf2_KO_1/tmp/spliced.bus with capture list /mnt/iacchus/joe/reference_genomes/kallisto/mus_musculus_velocity/unspliced_t2c.txt
[2025-02-01 00:34:02,299]    INFO [count_lamanno] Sorting BUS file Fezf2_KO_1/tmp/spliced.bus to Fezf2_KO_1/spliced.unfiltered.bus
[2025-02-01 00:34:06,627]    INFO [count_lamanno] Inspecting BUS file Fezf2_KO_1/spliced.unfiltered.bus
[2025-02-01 00:34:15,762]    INFO [count_lamanno] Generating count matrix Fezf2_KO_1/counts_unfiltered/spliced from BUS file Fezf2_KO_1/spliced.unfiltered.bus
[2025-02-01 00:34:29,688]    INFO [count_lamanno] Capturing records from BUS file Fezf2_KO_1/output.unfiltered.bus to Fezf2_KO_1/tmp/unspliced.bus with capture list /mnt/iacchus/joe/reference_genomes/kallisto/mus_musculus_velocity/spliced_t2c.txt
[2025-02-01 00:34:43,551]    INFO [count_lamanno] Sorting BUS file Fezf2_KO_1/tmp/unspliced.bus to Fezf2_KO_1/unspliced.unfiltered.bus
[2025-02-01 00:34:47,277]    INFO [count_lamanno] Inspecting BUS file Fezf2_KO_1/unspliced.unfiltered.bus
[2025-02-01 00:34:55,610]    INFO [count_lamanno] Generating count matrix Fezf2_KO_1/counts_unfiltered/unspliced from BUS file Fezf2_KO_1/unspliced.unfiltered.bus
[2025-02-01 00:35:12,154]    INFO [count_lamanno] Reading matrix Fezf2_KO_1/counts_unfiltered/spliced.mtx
[2025-02-01 00:35:18,751]    INFO [count_lamanno] Reading matrix Fezf2_KO_1/counts_unfiltered/unspliced.mtx
[2025-02-01 00:35:27,714]    INFO [count_lamanno] Combining matrices
[2025-02-01 00:35:28,205]    INFO [count_lamanno] Writing matrices to h5ad Fezf2_KO_1/counts_unfiltered/adata.h5ad
[2025-02-01 00:35:28,625]    INFO [count_lamanno] Filtering with bustools
[2025-02-01 00:35:28,625]    INFO [count_lamanno] Generating on-list Fezf2_KO_1/filter_barcodes.txt from BUS file Fezf2_KO_1/output.unfiltered.bus
[2025-02-01 00:35:30,150]    INFO [count_lamanno] Correcting BUS records in Fezf2_KO_1/output.unfiltered.bus to Fezf2_KO_1/tmp/output.unfiltered.c.bus with on-list Fezf2_KO_1/filter_barcodes.txt
[2025-02-01 00:35:41,393]    INFO [count_lamanno] Sorting BUS file Fezf2_KO_1/tmp/output.unfiltered.c.bus to Fezf2_KO_1/output.filtered.bus
[2025-02-01 00:36:05,463]    INFO [count_lamanno] Capturing records from BUS file Fezf2_KO_1/output.filtered.bus to Fezf2_KO_1/tmp/spliced.bus with capture list /mnt/iacchus/joe/reference_genomes/kallisto/mus_musculus_velocity/unspliced_t2c.txt
[2025-02-01 00:36:23,945]    INFO [count_lamanno] Sorting BUS file Fezf2_KO_1/tmp/spliced.bus to Fezf2_KO_1/spliced.filtered.bus
[2025-02-01 00:36:28,277]    INFO [count_lamanno] Generating count matrix Fezf2_KO_1/counts_filtered/spliced from BUS file Fezf2_KO_1/spliced.filtered.bus
[2025-02-01 00:36:40,649]    INFO [count_lamanno] Capturing records from BUS file Fezf2_KO_1/output.filtered.bus to Fezf2_KO_1/tmp/unspliced.bus with capture list /mnt/iacchus/joe/reference_genomes/kallisto/mus_musculus_velocity/spliced_t2c.txt
[2025-02-01 00:36:54,318]    INFO [count_lamanno] Sorting BUS file Fezf2_KO_1/tmp/unspliced.bus to Fezf2_KO_1/unspliced.filtered.bus
[2025-02-01 00:36:57,951]    INFO [count_lamanno] Generating count matrix Fezf2_KO_1/counts_filtered/unspliced from BUS file Fezf2_KO_1/unspliced.filtered.bus
[2025-02-01 00:37:12,892]    INFO [count_lamanno] Reading matrix Fezf2_KO_1/counts_filtered/spliced.mtx
[2025-02-01 00:37:18,747]    INFO [count_lamanno] Reading matrix Fezf2_KO_1/counts_filtered/unspliced.mtx
[2025-02-01 00:37:26,549]    INFO [count_lamanno] Combining matrices
[2025-02-01 00:37:26,875]    INFO [count_lamanno] Writing matrices to h5ad Fezf2_KO_1/counts_filtered/adata.h5ad
Fezf2 WT 1
[2025-02-01 00:37:36,182]    INFO [count_lamanno] Using index /mnt/iacchus/joe/reference_genomes/kallisto/mus_musculus_velocity/index.idx to generate BUS file to Fezf2_WT_1 from
[2025-02-01 00:37:36,182]    INFO [count_lamanno]         /mnt/iacchus/joe/raw_data/Thymus/Fezf2_KO/fastqs/andersonm-Fezf_WT/Fezf_WT_S2_L001_R1_001.fastq.gz
[2025-02-01 00:37:36,182]    INFO [count_lamanno]         /mnt/iacchus/joe/raw_data/Thymus/Fezf2_KO/fastqs/andersonm-Fezf_WT/Fezf_WT_S2_L001_R2_001.fastq.gz
[2025-02-01 00:37:36,182]    INFO [count_lamanno]         /mnt/iacchus/joe/raw_data/Thymus/Fezf2_KO/fastqs/andersonm-Fezf_WT/Fezf_WT_S2_L002_R1_001.fastq.gz
[2025-02-01 00:37:36,182]    INFO [count_lamanno]         /mnt/iacchus/joe/raw_data/Thymus/Fezf2_KO/fastqs/andersonm-Fezf_WT/Fezf_WT_S2_L002_R2_001.fastq.gz
[2025-02-01 00:37:36,182]    INFO [count_lamanno]         /mnt/iacchus/joe/raw_data/Thymus/Fezf2_KO/fastqs/andersonm-Fezf_WT/Fezf_WT_S2_L003_R1_001.fastq.gz
[2025-02-01 00:37:36,182]    INFO [count_lamanno]         /mnt/iacchus/joe/raw_data/Thymus/Fezf2_KO/fastqs/andersonm-Fezf_WT/Fezf_WT_S2_L003_R2_001.fastq.gz
[2025-02-01 00:37:36,182]    INFO [count_lamanno]         /mnt/iacchus/joe/raw_data/Thymus/Fezf2_KO/fastqs/andersonm-Fezf_WT/Fezf_WT_S2_L004_R1_001.fastq.gz
[2025-02-01 00:37:36,182]    INFO [count_lamanno]         /mnt/iacchus/joe/raw_data/Thymus/Fezf2_KO/fastqs/andersonm-Fezf_WT/Fezf_WT_S2_L004_R2_001.fastq.gz
[2025-02-01 01:00:09,175]    INFO [count_lamanno] Sorting BUS file Fezf2_WT_1/output.bus to Fezf2_WT_1/tmp/output.s.bus
[2025-02-01 01:00:39,548]    INFO [count_lamanno] On-list not provided
[2025-02-01 01:00:39,548]    INFO [count_lamanno] Copying pre-packaged 10XV3 on-list to Fezf2_WT_1
[2025-02-01 01:00:40,111]    INFO [count_lamanno] Inspecting BUS file Fezf2_WT_1/tmp/output.s.bus
[2025-02-01 01:00:57,355]    INFO [count_lamanno] Correcting BUS records in Fezf2_WT_1/tmp/output.s.bus to Fezf2_WT_1/tmp/output.s.c.bus with on-list Fezf2_WT_1/10x_version3_whitelist.txt
[2025-02-01 01:01:17,002]    INFO [count_lamanno] Sorting BUS file Fezf2_WT_1/tmp/output.s.c.bus to Fezf2_WT_1/output.unfiltered.bus
[2025-02-01 01:01:41,288]    INFO [count_lamanno] Capturing records from BUS file Fezf2_WT_1/output.unfiltered.bus to Fezf2_WT_1/tmp/spliced.bus with capture list /mnt/iacchus/joe/reference_genomes/kallisto/mus_musculus_velocity/unspliced_t2c.txt
[2025-02-01 01:01:57,865]    INFO [count_lamanno] Sorting BUS file Fezf2_WT_1/tmp/spliced.bus to Fezf2_WT_1/spliced.unfiltered.bus
[2025-02-01 01:02:01,894]    INFO [count_lamanno] Inspecting BUS file Fezf2_WT_1/spliced.unfiltered.bus
[2025-02-01 01:02:10,526]    INFO [count_lamanno] Generating count matrix Fezf2_WT_1/counts_unfiltered/spliced from BUS file Fezf2_WT_1/spliced.unfiltered.bus
[2025-02-01 01:02:22,865]    INFO [count_lamanno] Capturing records from BUS file Fezf2_WT_1/output.unfiltered.bus to Fezf2_WT_1/tmp/unspliced.bus with capture list /mnt/iacchus/joe/reference_genomes/kallisto/mus_musculus_velocity/spliced_t2c.txt
[2025-02-01 01:02:36,827]    INFO [count_lamanno] Sorting BUS file Fezf2_WT_1/tmp/unspliced.bus to Fezf2_WT_1/unspliced.unfiltered.bus
[2025-02-01 01:02:40,656]    INFO [count_lamanno] Inspecting BUS file Fezf2_WT_1/unspliced.unfiltered.bus
[2025-02-01 01:02:49,190]    INFO [count_lamanno] Generating count matrix Fezf2_WT_1/counts_unfiltered/unspliced from BUS file Fezf2_WT_1/unspliced.unfiltered.bus
[2025-02-01 01:03:05,695]    INFO [count_lamanno] Reading matrix Fezf2_WT_1/counts_unfiltered/spliced.mtx
[2025-02-01 01:03:11,609]    INFO [count_lamanno] Reading matrix Fezf2_WT_1/counts_unfiltered/unspliced.mtx
[2025-02-01 01:03:20,333]    INFO [count_lamanno] Combining matrices
[2025-02-01 01:03:20,785]    INFO [count_lamanno] Writing matrices to h5ad Fezf2_WT_1/counts_unfiltered/adata.h5ad
[2025-02-01 01:03:21,206]    INFO [count_lamanno] Filtering with bustools
[2025-02-01 01:03:21,207]    INFO [count_lamanno] Generating on-list Fezf2_WT_1/filter_barcodes.txt from BUS file Fezf2_WT_1/output.unfiltered.bus
[2025-02-01 01:03:22,631]    INFO [count_lamanno] Correcting BUS records in Fezf2_WT_1/output.unfiltered.bus to Fezf2_WT_1/tmp/output.unfiltered.c.bus with on-list Fezf2_WT_1/filter_barcodes.txt
[2025-02-01 01:03:31,772]    INFO [count_lamanno] Sorting BUS file Fezf2_WT_1/tmp/output.unfiltered.c.bus to Fezf2_WT_1/output.filtered.bus
[2025-02-01 01:03:52,634]    INFO [count_lamanno] Capturing records from BUS file Fezf2_WT_1/output.filtered.bus to Fezf2_WT_1/tmp/spliced.bus with capture list /mnt/iacchus/joe/reference_genomes/kallisto/mus_musculus_velocity/unspliced_t2c.txt
[2025-02-01 01:04:08,708]    INFO [count_lamanno] Sorting BUS file Fezf2_WT_1/tmp/spliced.bus to Fezf2_WT_1/spliced.filtered.bus
[2025-02-01 01:04:12,541]    INFO [count_lamanno] Generating count matrix Fezf2_WT_1/counts_filtered/spliced from BUS file Fezf2_WT_1/spliced.filtered.bus
[2025-02-01 01:04:23,265]    INFO [count_lamanno] Capturing records from BUS file Fezf2_WT_1/output.filtered.bus to Fezf2_WT_1/tmp/unspliced.bus with capture list /mnt/iacchus/joe/reference_genomes/kallisto/mus_musculus_velocity/spliced_t2c.txt
[2025-02-01 01:04:36,433]    INFO [count_lamanno] Sorting BUS file Fezf2_WT_1/tmp/unspliced.bus to Fezf2_WT_1/unspliced.filtered.bus
[2025-02-01 01:04:40,168]    INFO [count_lamanno] Generating count matrix Fezf2_WT_1/counts_filtered/unspliced from BUS file Fezf2_WT_1/unspliced.filtered.bus
[2025-02-01 01:04:54,635]    INFO [count_lamanno] Reading matrix Fezf2_WT_1/counts_filtered/spliced.mtx
[2025-02-01 01:04:59,518]    INFO [count_lamanno] Reading matrix Fezf2_WT_1/counts_filtered/unspliced.mtx
[2025-02-01 01:05:06,994]    INFO [count_lamanno] Combining matrices
[2025-02-01 01:05:07,370]    INFO [count_lamanno] Writing matrices to h5ad Fezf2_WT_1/counts_filtered/adata.h5ad
Fezf2 KO 2
[2025-02-01 01:05:16,239]    INFO [count_lamanno] Using index /mnt/iacchus/joe/reference_genomes/kallisto/mus_musculus_velocity/index.idx to generate BUS file to Fezf2_KO_2 from
[2025-02-01 01:05:16,240]    INFO [count_lamanno]         /mnt/iacchus/joe/raw_data/Thymus/Fezf2_KO/fastqs/Fezf2_cKO2/andersonm-Fezf2_cKO2_S14_L001_R1_001.fastq.gz
[2025-02-01 01:05:16,240]    INFO [count_lamanno]         /mnt/iacchus/joe/raw_data/Thymus/Fezf2_KO/fastqs/Fezf2_cKO2/andersonm-Fezf2_cKO2_S14_L001_R2_001.fastq.gz
[2025-02-01 01:05:16,240]    INFO [count_lamanno]         /mnt/iacchus/joe/raw_data/Thymus/Fezf2_KO/fastqs/Fezf2_cKO2/andersonm-Fezf2_cKO2_S14_L002_R1_001.fastq.gz
[2025-02-01 01:05:16,240]    INFO [count_lamanno]         /mnt/iacchus/joe/raw_data/Thymus/Fezf2_KO/fastqs/Fezf2_cKO2/andersonm-Fezf2_cKO2_S14_L002_R2_001.fastq.gz
[2025-02-01 01:27:00,448]    INFO [count_lamanno] Sorting BUS file Fezf2_KO_2/output.bus to Fezf2_KO_2/tmp/output.s.bus
[2025-02-01 01:27:45,942]    INFO [count_lamanno] On-list not provided
[2025-02-01 01:27:45,942]    INFO [count_lamanno] Copying pre-packaged 10XV3 on-list to Fezf2_KO_2
[2025-02-01 01:27:46,445]    INFO [count_lamanno] Inspecting BUS file Fezf2_KO_2/tmp/output.s.bus
[2025-02-01 01:28:04,993]    INFO [count_lamanno] Correcting BUS records in Fezf2_KO_2/tmp/output.s.bus to Fezf2_KO_2/tmp/output.s.c.bus with on-list Fezf2_KO_2/10x_version3_whitelist.txt
[2025-02-01 01:28:23,743]    INFO [count_lamanno] Sorting BUS file Fezf2_KO_2/tmp/output.s.c.bus to Fezf2_KO_2/output.unfiltered.bus
[2025-02-01 01:28:50,609]    INFO [count_lamanno] Capturing records from BUS file Fezf2_KO_2/output.unfiltered.bus to Fezf2_KO_2/tmp/spliced.bus with capture list /mnt/iacchus/joe/reference_genomes/kallisto/mus_musculus_velocity/unspliced_t2c.txt
[2025-02-01 01:29:09,084]    INFO [count_lamanno] Sorting BUS file Fezf2_KO_2/tmp/spliced.bus to Fezf2_KO_2/spliced.unfiltered.bus
[2025-02-01 01:29:13,212]    INFO [count_lamanno] Inspecting BUS file Fezf2_KO_2/spliced.unfiltered.bus
[2025-02-01 01:29:22,148]    INFO [count_lamanno] Generating count matrix Fezf2_KO_2/counts_unfiltered/spliced from BUS file Fezf2_KO_2/spliced.unfiltered.bus
[2025-02-01 01:29:35,661]    INFO [count_lamanno] Capturing records from BUS file Fezf2_KO_2/output.unfiltered.bus to Fezf2_KO_2/tmp/unspliced.bus with capture list /mnt/iacchus/joe/reference_genomes/kallisto/mus_musculus_velocity/spliced_t2c.txt
[2025-02-01 01:29:50,325]    INFO [count_lamanno] Sorting BUS file Fezf2_KO_2/tmp/unspliced.bus to Fezf2_KO_2/unspliced.unfiltered.bus
[2025-02-01 01:29:54,253]    INFO [count_lamanno] Inspecting BUS file Fezf2_KO_2/unspliced.unfiltered.bus
[2025-02-01 01:30:02,889]    INFO [count_lamanno] Generating count matrix Fezf2_KO_2/counts_unfiltered/unspliced from BUS file Fezf2_KO_2/unspliced.unfiltered.bus
[2025-02-01 01:30:20,499]    INFO [count_lamanno] Reading matrix Fezf2_KO_2/counts_unfiltered/spliced.mtx
[2025-02-01 01:30:27,431]    INFO [count_lamanno] Reading matrix Fezf2_KO_2/counts_unfiltered/unspliced.mtx
[2025-02-01 01:30:37,924]    INFO [count_lamanno] Combining matrices
[2025-02-01 01:30:38,621]    INFO [count_lamanno] Writing matrices to h5ad Fezf2_KO_2/counts_unfiltered/adata.h5ad
[2025-02-01 01:30:39,079]    INFO [count_lamanno] Filtering with bustools
[2025-02-01 01:30:39,080]    INFO [count_lamanno] Generating on-list Fezf2_KO_2/filter_barcodes.txt from BUS file Fezf2_KO_2/output.unfiltered.bus
[2025-02-01 01:30:40,608]    INFO [count_lamanno] Correcting BUS records in Fezf2_KO_2/output.unfiltered.bus to Fezf2_KO_2/tmp/output.unfiltered.c.bus with on-list Fezf2_KO_2/filter_barcodes.txt
[2025-02-01 01:30:52,256]    INFO [count_lamanno] Sorting BUS file Fezf2_KO_2/tmp/output.unfiltered.c.bus to Fezf2_KO_2/output.filtered.bus
[2025-02-01 01:31:16,530]    INFO [count_lamanno] Capturing records from BUS file Fezf2_KO_2/output.filtered.bus to Fezf2_KO_2/tmp/spliced.bus with capture list /mnt/iacchus/joe/reference_genomes/kallisto/mus_musculus_velocity/unspliced_t2c.txt
[2025-02-01 01:31:34,317]    INFO [count_lamanno] Sorting BUS file Fezf2_KO_2/tmp/spliced.bus to Fezf2_KO_2/spliced.filtered.bus
[2025-02-01 01:31:38,455]    INFO [count_lamanno] Generating count matrix Fezf2_KO_2/counts_filtered/spliced from BUS file Fezf2_KO_2/spliced.filtered.bus
[2025-02-01 01:31:49,545]    INFO [count_lamanno] Capturing records from BUS file Fezf2_KO_2/output.filtered.bus to Fezf2_KO_2/tmp/unspliced.bus with capture list /mnt/iacchus/joe/reference_genomes/kallisto/mus_musculus_velocity/spliced_t2c.txt
[2025-02-01 01:32:03,625]    INFO [count_lamanno] Sorting BUS file Fezf2_KO_2/tmp/unspliced.bus to Fezf2_KO_2/unspliced.filtered.bus
[2025-02-01 01:32:07,361]    INFO [count_lamanno] Generating count matrix Fezf2_KO_2/counts_filtered/unspliced from BUS file Fezf2_KO_2/unspliced.filtered.bus
[2025-02-01 01:32:21,174]    INFO [count_lamanno] Reading matrix Fezf2_KO_2/counts_filtered/spliced.mtx
[2025-02-01 01:32:26,111]    INFO [count_lamanno] Reading matrix Fezf2_KO_2/counts_filtered/unspliced.mtx
[2025-02-01 01:32:33,283]    INFO [count_lamanno] Combining matrices
[2025-02-01 01:32:33,800]    INFO [count_lamanno] Writing matrices to h5ad Fezf2_KO_2/counts_filtered/adata.h5ad
Fezf2 WT 2
[2025-02-01 01:32:43,015]    INFO [count_lamanno] Using index /mnt/iacchus/joe/reference_genomes/kallisto/mus_musculus_velocity/index.idx to generate BUS file to Fezf2_WT_2 from
[2025-02-01 01:32:43,015]    INFO [count_lamanno]         /mnt/iacchus/joe/raw_data/Thymus/Fezf2_KO/fastqs/Fezf2_WT2/andersonm-Fezf2_WT2_S13_L001_R1_001.fastq.gz
[2025-02-01 01:32:43,015]    INFO [count_lamanno]         /mnt/iacchus/joe/raw_data/Thymus/Fezf2_KO/fastqs/Fezf2_WT2/andersonm-Fezf2_WT2_S13_L001_R2_001.fastq.gz
[2025-02-01 01:32:43,015]    INFO [count_lamanno]         /mnt/iacchus/joe/raw_data/Thymus/Fezf2_KO/fastqs/Fezf2_WT2/andersonm-Fezf2_WT2_S13_L002_R1_001.fastq.gz
[2025-02-01 01:32:43,015]    INFO [count_lamanno]         /mnt/iacchus/joe/raw_data/Thymus/Fezf2_KO/fastqs/Fezf2_WT2/andersonm-Fezf2_WT2_S13_L002_R2_001.fastq.gz
[2025-02-01 01:53:06,167]    INFO [count_lamanno] Sorting BUS file Fezf2_WT_2/output.bus to Fezf2_WT_2/tmp/output.s.bus
[2025-02-01 01:53:38,837]    INFO [count_lamanno] On-list not provided
[2025-02-01 01:53:38,837]    INFO [count_lamanno] Copying pre-packaged 10XV3 on-list to Fezf2_WT_2
[2025-02-01 01:53:40,389]    INFO [count_lamanno] Inspecting BUS file Fezf2_WT_2/tmp/output.s.bus
[2025-02-01 01:53:55,730]    INFO [count_lamanno] Correcting BUS records in Fezf2_WT_2/tmp/output.s.bus to Fezf2_WT_2/tmp/output.s.c.bus with on-list Fezf2_WT_2/10x_version3_whitelist.txt
[2025-02-01 01:54:10,474]    INFO [count_lamanno] Sorting BUS file Fezf2_WT_2/tmp/output.s.c.bus to Fezf2_WT_2/output.unfiltered.bus
[2025-02-01 01:54:20,213]    INFO [count_lamanno] Capturing records from BUS file Fezf2_WT_2/output.unfiltered.bus to Fezf2_WT_2/tmp/spliced.bus with capture list /mnt/iacchus/joe/reference_genomes/kallisto/mus_musculus_velocity/unspliced_t2c.txt
[2025-02-01 01:54:35,276]    INFO [count_lamanno] Sorting BUS file Fezf2_WT_2/tmp/spliced.bus to Fezf2_WT_2/spliced.unfiltered.bus
[2025-02-01 01:54:39,106]    INFO [count_lamanno] Inspecting BUS file Fezf2_WT_2/spliced.unfiltered.bus
[2025-02-01 01:54:47,240]    INFO [count_lamanno] Generating count matrix Fezf2_WT_2/counts_unfiltered/spliced from BUS file Fezf2_WT_2/spliced.unfiltered.bus
[2025-02-01 01:54:57,751]    INFO [count_lamanno] Capturing records from BUS file Fezf2_WT_2/output.unfiltered.bus to Fezf2_WT_2/tmp/unspliced.bus with capture list /mnt/iacchus/joe/reference_genomes/kallisto/mus_musculus_velocity/spliced_t2c.txt
[2025-02-01 01:55:10,312]    INFO [count_lamanno] Sorting BUS file Fezf2_WT_2/tmp/unspliced.bus to Fezf2_WT_2/unspliced.unfiltered.bus
[2025-02-01 01:55:13,840]    INFO [count_lamanno] Inspecting BUS file Fezf2_WT_2/unspliced.unfiltered.bus
[2025-02-01 01:55:21,874]    INFO [count_lamanno] Generating count matrix Fezf2_WT_2/counts_unfiltered/unspliced from BUS file Fezf2_WT_2/unspliced.unfiltered.bus
[2025-02-01 01:55:35,370]    INFO [count_lamanno] Reading matrix Fezf2_WT_2/counts_unfiltered/spliced.mtx
[2025-02-01 01:55:40,052]    INFO [count_lamanno] Reading matrix Fezf2_WT_2/counts_unfiltered/unspliced.mtx
[2025-02-01 01:55:46,951]    INFO [count_lamanno] Combining matrices
[2025-02-01 01:55:47,412]    INFO [count_lamanno] Writing matrices to h5ad Fezf2_WT_2/counts_unfiltered/adata.h5ad
[2025-02-01 01:55:47,779]    INFO [count_lamanno] Filtering with bustools
[2025-02-01 01:55:47,779]    INFO [count_lamanno] Generating on-list Fezf2_WT_2/filter_barcodes.txt from BUS file Fezf2_WT_2/output.unfiltered.bus
[2025-02-01 01:55:49,202]    INFO [count_lamanno] Correcting BUS records in Fezf2_WT_2/output.unfiltered.bus to Fezf2_WT_2/tmp/output.unfiltered.c.bus with on-list Fezf2_WT_2/filter_barcodes.txt
[2025-02-01 01:55:57,041]    INFO [count_lamanno] Sorting BUS file Fezf2_WT_2/tmp/output.unfiltered.c.bus to Fezf2_WT_2/output.filtered.bus
[2025-02-01 01:56:04,984]    INFO [count_lamanno] Capturing records from BUS file Fezf2_WT_2/output.filtered.bus to Fezf2_WT_2/tmp/spliced.bus with capture list /mnt/iacchus/joe/reference_genomes/kallisto/mus_musculus_velocity/unspliced_t2c.txt
[2025-02-01 01:56:19,762]    INFO [count_lamanno] Sorting BUS file Fezf2_WT_2/tmp/spliced.bus to Fezf2_WT_2/spliced.filtered.bus
[2025-02-01 01:56:23,396]    INFO [count_lamanno] Generating count matrix Fezf2_WT_2/counts_filtered/spliced from BUS file Fezf2_WT_2/spliced.filtered.bus
[2025-02-01 01:56:32,076]    INFO [count_lamanno] Capturing records from BUS file Fezf2_WT_2/output.filtered.bus to Fezf2_WT_2/tmp/unspliced.bus with capture list /mnt/iacchus/joe/reference_genomes/kallisto/mus_musculus_velocity/spliced_t2c.txt
[2025-02-01 01:56:43,646]    INFO [count_lamanno] Sorting BUS file Fezf2_WT_2/tmp/unspliced.bus to Fezf2_WT_2/unspliced.filtered.bus
[2025-02-01 01:56:46,994]    INFO [count_lamanno] Generating count matrix Fezf2_WT_2/counts_filtered/unspliced from BUS file Fezf2_WT_2/unspliced.filtered.bus
[2025-02-01 01:56:57,814]    INFO [count_lamanno] Reading matrix Fezf2_WT_2/counts_filtered/spliced.mtx
[2025-02-01 01:57:01,287]    INFO [count_lamanno] Reading matrix Fezf2_WT_2/counts_filtered/unspliced.mtx
[2025-02-01 01:57:06,491]    INFO [count_lamanno] Combining matrices
[2025-02-01 01:57:06,693]    INFO [count_lamanno] Writing matrices to h5ad Fezf2_WT_2/counts_filtered/adata.h5ad
Aire KO 1
[2025-02-01 01:57:15,081]    INFO [count_lamanno] Using index /mnt/iacchus/joe/reference_genomes/kallisto/mus_musculus_velocity/index.idx to generate BUS file to Aire_KO_1 from
[2025-02-01 01:57:15,081]    INFO [count_lamanno]         /mnt/iacchus/joe/raw_data/Thymus/Yi/Yi_RNA_fastqs/WT_KO_fastqs/Aire_KO/B6_Aire_KO_S23_L001_R1_001.fastq.gz
[2025-02-01 01:57:15,081]    INFO [count_lamanno]         /mnt/iacchus/joe/raw_data/Thymus/Yi/Yi_RNA_fastqs/WT_KO_fastqs/Aire_KO/B6_Aire_KO_S23_L001_R2_001.fastq.gz
[2025-02-01 01:57:15,081]    INFO [count_lamanno]         /mnt/iacchus/joe/raw_data/Thymus/Yi/Yi_RNA_fastqs/WT_KO_fastqs/Aire_KO/B6_Aire_KO_S23_L002_R1_001.fastq.gz
[2025-02-01 01:57:15,081]    INFO [count_lamanno]         /mnt/iacchus/joe/raw_data/Thymus/Yi/Yi_RNA_fastqs/WT_KO_fastqs/Aire_KO/B6_Aire_KO_S23_L002_R2_001.fastq.gz
[2025-02-01 01:57:15,081]    INFO [count_lamanno]         /mnt/iacchus/joe/raw_data/Thymus/Yi/Yi_RNA_fastqs/WT_KO_fastqs/Aire_KO/B6_Aire_KO_S23_L003_R1_001.fastq.gz
[2025-02-01 01:57:15,081]    INFO [count_lamanno]         /mnt/iacchus/joe/raw_data/Thymus/Yi/Yi_RNA_fastqs/WT_KO_fastqs/Aire_KO/B6_Aire_KO_S23_L003_R2_001.fastq.gz
[2025-02-01 01:57:15,081]    INFO [count_lamanno]         /mnt/iacchus/joe/raw_data/Thymus/Yi/Yi_RNA_fastqs/WT_KO_fastqs/Aire_KO/B6_Aire_KO_S23_L004_R1_001.fastq.gz
[2025-02-01 01:57:15,081]    INFO [count_lamanno]         /mnt/iacchus/joe/raw_data/Thymus/Yi/Yi_RNA_fastqs/WT_KO_fastqs/Aire_KO/B6_Aire_KO_S23_L004_R2_001.fastq.gz
[2025-02-01 02:26:39,870]    INFO [count_lamanno] Sorting BUS file Aire_KO_1/output.bus to Aire_KO_1/tmp/output.s.bus
[2025-02-01 02:27:15,255]    INFO [count_lamanno] On-list not provided
[2025-02-01 02:27:15,255]    INFO [count_lamanno] Copying pre-packaged 10XV3 on-list to Aire_KO_1
[2025-02-01 02:27:15,754]    INFO [count_lamanno] Inspecting BUS file Aire_KO_1/tmp/output.s.bus
[2025-02-01 02:27:35,302]    INFO [count_lamanno] Correcting BUS records in Aire_KO_1/tmp/output.s.bus to Aire_KO_1/tmp/output.s.c.bus with on-list Aire_KO_1/10x_version3_whitelist.txt
[2025-02-01 02:27:53,652]    INFO [count_lamanno] Sorting BUS file Aire_KO_1/tmp/output.s.c.bus to Aire_KO_1/output.unfiltered.bus
[2025-02-01 02:28:19,510]    INFO [count_lamanno] Capturing records from BUS file Aire_KO_1/output.unfiltered.bus to Aire_KO_1/tmp/spliced.bus with capture list /mnt/iacchus/joe/reference_genomes/kallisto/mus_musculus_velocity/unspliced_t2c.txt
[2025-02-01 02:28:38,902]    INFO [count_lamanno] Sorting BUS file Aire_KO_1/tmp/spliced.bus to Aire_KO_1/spliced.unfiltered.bus
[2025-02-01 02:28:43,232]    INFO [count_lamanno] Inspecting BUS file Aire_KO_1/spliced.unfiltered.bus
[2025-02-01 02:28:52,367]    INFO [count_lamanno] Generating count matrix Aire_KO_1/counts_unfiltered/spliced from BUS file Aire_KO_1/spliced.unfiltered.bus
[2025-02-01 02:29:08,422]    INFO [count_lamanno] Capturing records from BUS file Aire_KO_1/output.unfiltered.bus to Aire_KO_1/tmp/unspliced.bus with capture list /mnt/iacchus/joe/reference_genomes/kallisto/mus_musculus_velocity/spliced_t2c.txt
[2025-02-01 02:29:23,185]    INFO [count_lamanno] Sorting BUS file Aire_KO_1/tmp/unspliced.bus to Aire_KO_1/unspliced.unfiltered.bus
[2025-02-01 02:29:27,513]    INFO [count_lamanno] Inspecting BUS file Aire_KO_1/unspliced.unfiltered.bus
[2025-02-01 02:29:36,248]    INFO [count_lamanno] Generating count matrix Aire_KO_1/counts_unfiltered/unspliced from BUS file Aire_KO_1/unspliced.unfiltered.bus
[2025-02-01 02:29:54,739]    INFO [count_lamanno] Reading matrix Aire_KO_1/counts_unfiltered/spliced.mtx
[2025-02-01 02:30:03,008]    INFO [count_lamanno] Reading matrix Aire_KO_1/counts_unfiltered/unspliced.mtx
[2025-02-01 02:30:13,370]    INFO [count_lamanno] Combining matrices
[2025-02-01 02:30:13,997]    INFO [count_lamanno] Writing matrices to h5ad Aire_KO_1/counts_unfiltered/adata.h5ad
[2025-02-01 02:30:14,486]    INFO [count_lamanno] Filtering with bustools
[2025-02-01 02:30:14,486]    INFO [count_lamanno] Generating on-list Aire_KO_1/filter_barcodes.txt from BUS file Aire_KO_1/output.unfiltered.bus
[2025-02-01 02:30:16,013]    INFO [count_lamanno] Correcting BUS records in Aire_KO_1/output.unfiltered.bus to Aire_KO_1/tmp/output.unfiltered.c.bus with on-list Aire_KO_1/filter_barcodes.txt
[2025-02-01 02:30:28,864]    INFO [count_lamanno] Sorting BUS file Aire_KO_1/tmp/output.unfiltered.c.bus to Aire_KO_1/output.filtered.bus
[2025-02-01 02:30:54,331]    INFO [count_lamanno] Capturing records from BUS file Aire_KO_1/output.filtered.bus to Aire_KO_1/tmp/spliced.bus with capture list /mnt/iacchus/joe/reference_genomes/kallisto/mus_musculus_velocity/unspliced_t2c.txt
[2025-02-01 02:31:12,611]    INFO [count_lamanno] Sorting BUS file Aire_KO_1/tmp/spliced.bus to Aire_KO_1/spliced.filtered.bus
[2025-02-01 02:31:16,747]    INFO [count_lamanno] Generating count matrix Aire_KO_1/counts_filtered/spliced from BUS file Aire_KO_1/spliced.filtered.bus
[2025-02-01 02:31:30,186]    INFO [count_lamanno] Capturing records from BUS file Aire_KO_1/output.filtered.bus to Aire_KO_1/tmp/unspliced.bus with capture list /mnt/iacchus/joe/reference_genomes/kallisto/mus_musculus_velocity/spliced_t2c.txt
[2025-02-01 02:31:44,061]    INFO [count_lamanno] Sorting BUS file Aire_KO_1/tmp/unspliced.bus to Aire_KO_1/unspliced.filtered.bus
[2025-02-01 02:31:47,795]    INFO [count_lamanno] Generating count matrix Aire_KO_1/counts_filtered/unspliced from BUS file Aire_KO_1/unspliced.filtered.bus
[2025-02-01 02:32:02,356]    INFO [count_lamanno] Reading matrix Aire_KO_1/counts_filtered/spliced.mtx
[2025-02-01 02:32:08,572]    INFO [count_lamanno] Reading matrix Aire_KO_1/counts_filtered/unspliced.mtx
[2025-02-01 02:32:16,353]    INFO [count_lamanno] Combining matrices
[2025-02-01 02:32:17,168]    INFO [count_lamanno] Writing matrices to h5ad Aire_KO_1/counts_filtered/adata.h5ad
Aire WT 1
[2025-02-01 02:32:27,209]    INFO [count_lamanno] Using index /mnt/iacchus/joe/reference_genomes/kallisto/mus_musculus_velocity/index.idx to generate BUS file to Aire_WT_1 from
[2025-02-01 02:32:27,209]    INFO [count_lamanno]         /mnt/iacchus/joe/raw_data/Thymus/Yi/Yi_RNA_fastqs/WT_KO_fastqs/Aire_WT/B6_Aire_WT_S22_L001_R1_001.fastq.gz
[2025-02-01 02:32:27,209]    INFO [count_lamanno]         /mnt/iacchus/joe/raw_data/Thymus/Yi/Yi_RNA_fastqs/WT_KO_fastqs/Aire_WT/B6_Aire_WT_S22_L001_R2_001.fastq.gz
[2025-02-01 02:32:27,209]    INFO [count_lamanno]         /mnt/iacchus/joe/raw_data/Thymus/Yi/Yi_RNA_fastqs/WT_KO_fastqs/Aire_WT/B6_Aire_WT_S22_L002_R1_001.fastq.gz
[2025-02-01 02:32:27,209]    INFO [count_lamanno]         /mnt/iacchus/joe/raw_data/Thymus/Yi/Yi_RNA_fastqs/WT_KO_fastqs/Aire_WT/B6_Aire_WT_S22_L002_R2_001.fastq.gz
[2025-02-01 02:32:27,210]    INFO [count_lamanno]         /mnt/iacchus/joe/raw_data/Thymus/Yi/Yi_RNA_fastqs/WT_KO_fastqs/Aire_WT/B6_Aire_WT_S22_L003_R1_001.fastq.gz
[2025-02-01 02:32:27,210]    INFO [count_lamanno]         /mnt/iacchus/joe/raw_data/Thymus/Yi/Yi_RNA_fastqs/WT_KO_fastqs/Aire_WT/B6_Aire_WT_S22_L003_R2_001.fastq.gz
[2025-02-01 02:32:27,210]    INFO [count_lamanno]         /mnt/iacchus/joe/raw_data/Thymus/Yi/Yi_RNA_fastqs/WT_KO_fastqs/Aire_WT/B6_Aire_WT_S22_L004_R1_001.fastq.gz
[2025-02-01 02:32:27,210]    INFO [count_lamanno]         /mnt/iacchus/joe/raw_data/Thymus/Yi/Yi_RNA_fastqs/WT_KO_fastqs/Aire_WT/B6_Aire_WT_S22_L004_R2_001.fastq.gz
[2025-02-01 03:03:49,537]    INFO [count_lamanno] Sorting BUS file Aire_WT_1/output.bus to Aire_WT_1/tmp/output.s.bus
[2025-02-01 03:04:28,227]    INFO [count_lamanno] On-list not provided
[2025-02-01 03:04:28,227]    INFO [count_lamanno] Copying pre-packaged 10XV3 on-list to Aire_WT_1
[2025-02-01 03:04:28,741]    INFO [count_lamanno] Inspecting BUS file Aire_WT_1/tmp/output.s.bus
[2025-02-01 03:04:49,587]    INFO [count_lamanno] Correcting BUS records in Aire_WT_1/tmp/output.s.bus to Aire_WT_1/tmp/output.s.c.bus with on-list Aire_WT_1/10x_version3_whitelist.txt
[2025-02-01 03:05:15,348]    INFO [count_lamanno] Sorting BUS file Aire_WT_1/tmp/output.s.c.bus to Aire_WT_1/output.unfiltered.bus
[2025-02-01 03:05:48,226]    INFO [count_lamanno] Capturing records from BUS file Aire_WT_1/output.unfiltered.bus to Aire_WT_1/tmp/spliced.bus with capture list /mnt/iacchus/joe/reference_genomes/kallisto/mus_musculus_velocity/unspliced_t2c.txt
[2025-02-01 03:06:06,597]    INFO [count_lamanno] Sorting BUS file Aire_WT_1/tmp/spliced.bus to Aire_WT_1/spliced.unfiltered.bus
[2025-02-01 03:06:10,526]    INFO [count_lamanno] Inspecting BUS file Aire_WT_1/spliced.unfiltered.bus
[2025-02-01 03:06:18,960]    INFO [count_lamanno] Generating count matrix Aire_WT_1/counts_unfiltered/spliced from BUS file Aire_WT_1/spliced.unfiltered.bus
[2025-02-01 03:06:34,519]    INFO [count_lamanno] Capturing records from BUS file Aire_WT_1/output.unfiltered.bus to Aire_WT_1/tmp/unspliced.bus with capture list /mnt/iacchus/joe/reference_genomes/kallisto/mus_musculus_velocity/spliced_t2c.txt
[2025-02-01 03:06:53,492]    INFO [count_lamanno] Sorting BUS file Aire_WT_1/tmp/unspliced.bus to Aire_WT_1/unspliced.unfiltered.bus
[2025-02-01 03:06:58,523]    INFO [count_lamanno] Inspecting BUS file Aire_WT_1/unspliced.unfiltered.bus
[2025-02-01 03:07:08,653]    INFO [count_lamanno] Generating count matrix Aire_WT_1/counts_unfiltered/unspliced from BUS file Aire_WT_1/unspliced.unfiltered.bus
[2025-02-01 03:07:35,584]    INFO [count_lamanno] Reading matrix Aire_WT_1/counts_unfiltered/spliced.mtx
[2025-02-01 03:07:43,724]    INFO [count_lamanno] Reading matrix Aire_WT_1/counts_unfiltered/unspliced.mtx
[2025-02-01 03:08:01,047]    INFO [count_lamanno] Combining matrices
[2025-02-01 03:08:03,447]    INFO [count_lamanno] Writing matrices to h5ad Aire_WT_1/counts_unfiltered/adata.h5ad
[2025-02-01 03:08:04,083]    INFO [count_lamanno] Filtering with bustools
[2025-02-01 03:08:04,083]    INFO [count_lamanno] Generating on-list Aire_WT_1/filter_barcodes.txt from BUS file Aire_WT_1/output.unfiltered.bus
[2025-02-01 03:08:05,735]    INFO [count_lamanno] Correcting BUS records in Aire_WT_1/output.unfiltered.bus to Aire_WT_1/tmp/output.unfiltered.c.bus with on-list Aire_WT_1/filter_barcodes.txt
[2025-02-01 03:08:17,823]    INFO [count_lamanno] Sorting BUS file Aire_WT_1/tmp/output.unfiltered.c.bus to Aire_WT_1/output.filtered.bus
[2025-02-01 03:08:40,217]    INFO [count_lamanno] Capturing records from BUS file Aire_WT_1/output.filtered.bus to Aire_WT_1/tmp/spliced.bus with capture list /mnt/iacchus/joe/reference_genomes/kallisto/mus_musculus_velocity/unspliced_t2c.txt
[2025-02-01 03:08:58,357]    INFO [count_lamanno] Sorting BUS file Aire_WT_1/tmp/spliced.bus to Aire_WT_1/spliced.filtered.bus
[2025-02-01 03:09:02,127]    INFO [count_lamanno] Generating count matrix Aire_WT_1/counts_filtered/spliced from BUS file Aire_WT_1/spliced.filtered.bus
[2025-02-01 03:09:14,425]    INFO [count_lamanno] Capturing records from BUS file Aire_WT_1/output.filtered.bus to Aire_WT_1/tmp/unspliced.bus with capture list /mnt/iacchus/joe/reference_genomes/kallisto/mus_musculus_velocity/spliced_t2c.txt
[2025-02-01 03:09:31,154]    INFO [count_lamanno] Sorting BUS file Aire_WT_1/tmp/unspliced.bus to Aire_WT_1/unspliced.filtered.bus
[2025-02-01 03:09:35,710]    INFO [count_lamanno] Generating count matrix Aire_WT_1/counts_filtered/unspliced from BUS file Aire_WT_1/unspliced.filtered.bus
[2025-02-01 03:09:54,306]    INFO [count_lamanno] Reading matrix Aire_WT_1/counts_filtered/spliced.mtx
[2025-02-01 03:10:00,101]    INFO [count_lamanno] Reading matrix Aire_WT_1/counts_filtered/unspliced.mtx
[2025-02-01 03:10:15,423]    INFO [count_lamanno] Combining matrices
[2025-02-01 03:10:16,919]    INFO [count_lamanno] Writing matrices to h5ad Aire_WT_1/counts_filtered/adata.h5ad
Aire KO 2
[2025-02-01 03:10:26,303]    INFO [count_lamanno] Using index /mnt/iacchus/joe/reference_genomes/kallisto/mus_musculus_velocity/index.idx to generate BUS file to Aire_KO_2 from
[2025-02-01 03:10:26,303]    INFO [count_lamanno]         /mnt/iacchus/joe/raw_data/Thymus/Aire_KO/fastqs/Aire_KO-2/andersonm-02-Aire_KO2_S2_L001_R1_001.fastq.gz
[2025-02-01 03:10:26,303]    INFO [count_lamanno]         /mnt/iacchus/joe/raw_data/Thymus/Aire_KO/fastqs/Aire_KO-2/andersonm-02-Aire_KO2_S2_L001_R2_001.fastq.gz
[2025-02-01 03:10:26,303]    INFO [count_lamanno]         /mnt/iacchus/joe/raw_data/Thymus/Aire_KO/fastqs/Aire_KO-2/andersonm-02-Aire_KO2_S2_L002_R1_001.fastq.gz
[2025-02-01 03:10:26,303]    INFO [count_lamanno]         /mnt/iacchus/joe/raw_data/Thymus/Aire_KO/fastqs/Aire_KO-2/andersonm-02-Aire_KO2_S2_L002_R2_001.fastq.gz
[2025-02-01 03:44:35,403]    INFO [count_lamanno] Sorting BUS file Aire_KO_2/output.bus to Aire_KO_2/tmp/output.s.bus
[2025-02-01 03:45:43,150]    INFO [count_lamanno] On-list not provided
[2025-02-01 03:45:43,151]    INFO [count_lamanno] Copying pre-packaged 10XV3 on-list to Aire_KO_2
[2025-02-01 03:45:43,695]    INFO [count_lamanno] Inspecting BUS file Aire_KO_2/tmp/output.s.bus
[2025-02-01 03:46:08,145]    INFO [count_lamanno] Correcting BUS records in Aire_KO_2/tmp/output.s.bus to Aire_KO_2/tmp/output.s.c.bus with on-list Aire_KO_2/10x_version3_whitelist.txt
[2025-02-01 03:46:31,099]    INFO [count_lamanno] Sorting BUS file Aire_KO_2/tmp/output.s.c.bus to Aire_KO_2/output.unfiltered.bus
[2025-02-01 03:47:12,396]    INFO [count_lamanno] Capturing records from BUS file Aire_KO_2/output.unfiltered.bus to Aire_KO_2/tmp/spliced.bus with capture list /mnt/iacchus/joe/reference_genomes/kallisto/mus_musculus_velocity/unspliced_t2c.txt
[2025-02-01 03:47:37,171]    INFO [count_lamanno] Sorting BUS file Aire_KO_2/tmp/spliced.bus to Aire_KO_2/spliced.unfiltered.bus
[2025-02-01 03:47:42,398]    INFO [count_lamanno] Inspecting BUS file Aire_KO_2/spliced.unfiltered.bus
[2025-02-01 03:47:52,834]    INFO [count_lamanno] Generating count matrix Aire_KO_2/counts_unfiltered/spliced from BUS file Aire_KO_2/spliced.unfiltered.bus
[2025-02-01 03:48:13,822]    INFO [count_lamanno] Capturing records from BUS file Aire_KO_2/output.unfiltered.bus to Aire_KO_2/tmp/unspliced.bus with capture list /mnt/iacchus/joe/reference_genomes/kallisto/mus_musculus_velocity/spliced_t2c.txt
[2025-02-01 03:48:34,593]    INFO [count_lamanno] Sorting BUS file Aire_KO_2/tmp/unspliced.bus to Aire_KO_2/unspliced.unfiltered.bus
[2025-02-01 03:48:39,820]    INFO [count_lamanno] Inspecting BUS file Aire_KO_2/unspliced.unfiltered.bus
[2025-02-01 03:48:50,656]    INFO [count_lamanno] Generating count matrix Aire_KO_2/counts_unfiltered/unspliced from BUS file Aire_KO_2/unspliced.unfiltered.bus
[2025-02-01 03:49:17,266]    INFO [count_lamanno] Reading matrix Aire_KO_2/counts_unfiltered/spliced.mtx
[2025-02-01 03:49:28,227]    INFO [count_lamanno] Reading matrix Aire_KO_2/counts_unfiltered/unspliced.mtx
[2025-02-01 03:49:43,087]    INFO [count_lamanno] Combining matrices
[2025-02-01 03:49:47,360]    INFO [count_lamanno] Writing matrices to h5ad Aire_KO_2/counts_unfiltered/adata.h5ad
[2025-02-01 03:49:48,092]    INFO [count_lamanno] Filtering with bustools
[2025-02-01 03:49:48,092]    INFO [count_lamanno] Generating on-list Aire_KO_2/filter_barcodes.txt from BUS file Aire_KO_2/output.unfiltered.bus
[2025-02-01 03:49:49,817]    INFO [count_lamanno] Correcting BUS records in Aire_KO_2/output.unfiltered.bus to Aire_KO_2/tmp/output.unfiltered.c.bus with on-list Aire_KO_2/filter_barcodes.txt
[2025-02-01 03:50:05,679]    INFO [count_lamanno] Sorting BUS file Aire_KO_2/tmp/output.unfiltered.c.bus to Aire_KO_2/output.filtered.bus
[2025-02-01 03:50:40,976]    INFO [count_lamanno] Capturing records from BUS file Aire_KO_2/output.filtered.bus to Aire_KO_2/tmp/spliced.bus with capture list /mnt/iacchus/joe/reference_genomes/kallisto/mus_musculus_velocity/unspliced_t2c.txt
[2025-02-01 03:51:04,889]    INFO [count_lamanno] Sorting BUS file Aire_KO_2/tmp/spliced.bus to Aire_KO_2/spliced.filtered.bus
[2025-02-01 03:51:09,735]    INFO [count_lamanno] Generating count matrix Aire_KO_2/counts_filtered/spliced from BUS file Aire_KO_2/spliced.filtered.bus
[2025-02-01 03:51:27,031]    INFO [count_lamanno] Capturing records from BUS file Aire_KO_2/output.filtered.bus to Aire_KO_2/tmp/unspliced.bus with capture list /mnt/iacchus/joe/reference_genomes/kallisto/mus_musculus_velocity/spliced_t2c.txt
[2025-02-01 03:51:47,230]    INFO [count_lamanno] Sorting BUS file Aire_KO_2/tmp/unspliced.bus to Aire_KO_2/unspliced.filtered.bus
[2025-02-01 03:51:51,972]    INFO [count_lamanno] Generating count matrix Aire_KO_2/counts_filtered/unspliced from BUS file Aire_KO_2/unspliced.filtered.bus
[2025-02-01 03:52:13,511]    INFO [count_lamanno] Reading matrix Aire_KO_2/counts_filtered/spliced.mtx
[2025-02-01 03:52:22,872]    INFO [count_lamanno] Reading matrix Aire_KO_2/counts_filtered/unspliced.mtx
[2025-02-01 03:52:36,738]    INFO [count_lamanno] Combining matrices
[2025-02-01 03:52:41,214]    INFO [count_lamanno] Writing matrices to h5ad Aire_KO_2/counts_filtered/adata.h5ad
Aire WT 2
[2025-02-01 03:52:50,893]    INFO [count_lamanno] Using index /mnt/iacchus/joe/reference_genomes/kallisto/mus_musculus_velocity/index.idx to generate BUS file to Aire_WT_2 from
[2025-02-01 03:52:50,893]    INFO [count_lamanno]         /mnt/iacchus/joe/raw_data/Thymus/Aire_KO/fastqs/Aire_WT-2/andersonm-01-Aire_WT2_S1_L001_R1_001.fastq.gz
[2025-02-01 03:52:50,893]    INFO [count_lamanno]         /mnt/iacchus/joe/raw_data/Thymus/Aire_KO/fastqs/Aire_WT-2/andersonm-01-Aire_WT2_S1_L001_R2_001.fastq.gz
[2025-02-01 03:52:50,893]    INFO [count_lamanno]         /mnt/iacchus/joe/raw_data/Thymus/Aire_KO/fastqs/Aire_WT-2/andersonm-01-Aire_WT2_S1_L002_R1_001.fastq.gz
[2025-02-01 03:52:50,893]    INFO [count_lamanno]         /mnt/iacchus/joe/raw_data/Thymus/Aire_KO/fastqs/Aire_WT-2/andersonm-01-Aire_WT2_S1_L002_R2_001.fastq.gz
[2025-02-01 04:23:11,420]    INFO [count_lamanno] Sorting BUS file Aire_WT_2/output.bus to Aire_WT_2/tmp/output.s.bus
[2025-02-01 04:24:24,674]    INFO [count_lamanno] On-list not provided
[2025-02-01 04:24:24,674]    INFO [count_lamanno] Copying pre-packaged 10XV3 on-list to Aire_WT_2
[2025-02-01 04:24:25,204]    INFO [count_lamanno] Inspecting BUS file Aire_WT_2/tmp/output.s.bus
[2025-02-01 04:24:47,754]    INFO [count_lamanno] Correcting BUS records in Aire_WT_2/tmp/output.s.bus to Aire_WT_2/tmp/output.s.c.bus with on-list Aire_WT_2/10x_version3_whitelist.txt
[2025-02-01 04:25:09,306]    INFO [count_lamanno] Sorting BUS file Aire_WT_2/tmp/output.s.c.bus to Aire_WT_2/output.unfiltered.bus
[2025-02-01 04:25:48,295]    INFO [count_lamanno] Capturing records from BUS file Aire_WT_2/output.unfiltered.bus to Aire_WT_2/tmp/spliced.bus with capture list /mnt/iacchus/joe/reference_genomes/kallisto/mus_musculus_velocity/unspliced_t2c.txt
[2025-02-01 04:26:12,164]    INFO [count_lamanno] Sorting BUS file Aire_WT_2/tmp/spliced.bus to Aire_WT_2/spliced.unfiltered.bus
[2025-02-01 04:26:17,091]    INFO [count_lamanno] Inspecting BUS file Aire_WT_2/spliced.unfiltered.bus
[2025-02-01 04:26:27,123]    INFO [count_lamanno] Generating count matrix Aire_WT_2/counts_unfiltered/spliced from BUS file Aire_WT_2/spliced.unfiltered.bus
[2025-02-01 04:26:46,937]    INFO [count_lamanno] Capturing records from BUS file Aire_WT_2/output.unfiltered.bus to Aire_WT_2/tmp/unspliced.bus with capture list /mnt/iacchus/joe/reference_genomes/kallisto/mus_musculus_velocity/spliced_t2c.txt
[2025-02-01 04:27:05,899]    INFO [count_lamanno] Sorting BUS file Aire_WT_2/tmp/unspliced.bus to Aire_WT_2/unspliced.unfiltered.bus
[2025-02-01 04:27:10,628]    INFO [count_lamanno] Inspecting BUS file Aire_WT_2/unspliced.unfiltered.bus
[2025-02-01 04:27:20,762]    INFO [count_lamanno] Generating count matrix Aire_WT_2/counts_unfiltered/unspliced from BUS file Aire_WT_2/unspliced.unfiltered.bus
[2025-02-01 04:27:44,359]    INFO [count_lamanno] Reading matrix Aire_WT_2/counts_unfiltered/spliced.mtx
[2025-02-01 04:27:54,186]    INFO [count_lamanno] Reading matrix Aire_WT_2/counts_unfiltered/unspliced.mtx
[2025-02-01 04:28:06,783]    INFO [count_lamanno] Combining matrices
[2025-02-01 04:28:09,812]    INFO [count_lamanno] Writing matrices to h5ad Aire_WT_2/counts_unfiltered/adata.h5ad
[2025-02-01 04:28:10,445]    INFO [count_lamanno] Filtering with bustools
[2025-02-01 04:28:10,445]    INFO [count_lamanno] Generating on-list Aire_WT_2/filter_barcodes.txt from BUS file Aire_WT_2/output.unfiltered.bus
[2025-02-01 04:28:12,179]    INFO [count_lamanno] Correcting BUS records in Aire_WT_2/output.unfiltered.bus to Aire_WT_2/tmp/output.unfiltered.c.bus with on-list Aire_WT_2/filter_barcodes.txt
[2025-02-01 04:28:27,734]    INFO [count_lamanno] Sorting BUS file Aire_WT_2/tmp/output.unfiltered.c.bus to Aire_WT_2/output.filtered.bus
[2025-02-01 04:29:04,031]    INFO [count_lamanno] Capturing records from BUS file Aire_WT_2/output.filtered.bus to Aire_WT_2/tmp/spliced.bus with capture list /mnt/iacchus/joe/reference_genomes/kallisto/mus_musculus_velocity/unspliced_t2c.txt
[2025-02-01 04:29:27,553]    INFO [count_lamanno] Sorting BUS file Aire_WT_2/tmp/spliced.bus to Aire_WT_2/spliced.filtered.bus
[2025-02-01 04:29:32,499]    INFO [count_lamanno] Generating count matrix Aire_WT_2/counts_filtered/spliced from BUS file Aire_WT_2/spliced.filtered.bus
[2025-02-01 04:29:49,590]    INFO [count_lamanno] Capturing records from BUS file Aire_WT_2/output.filtered.bus to Aire_WT_2/tmp/unspliced.bus with capture list /mnt/iacchus/joe/reference_genomes/kallisto/mus_musculus_velocity/spliced_t2c.txt
[2025-02-01 04:30:07,288]    INFO [count_lamanno] Sorting BUS file Aire_WT_2/tmp/unspliced.bus to Aire_WT_2/unspliced.filtered.bus
[2025-02-01 04:30:11,833]    INFO [count_lamanno] Generating count matrix Aire_WT_2/counts_filtered/unspliced from BUS file Aire_WT_2/unspliced.filtered.bus
[2025-02-01 04:30:31,958]    INFO [count_lamanno] Reading matrix Aire_WT_2/counts_filtered/spliced.mtx
[2025-02-01 04:30:40,282]    INFO [count_lamanno] Reading matrix Aire_WT_2/counts_filtered/unspliced.mtx
[2025-02-01 04:30:50,774]    INFO [count_lamanno] Combining matrices
[2025-02-01 04:30:51,225]    INFO [count_lamanno] Writing matrices to h5ad Aire_WT_2/counts_filtered/adata.h5ad
